<?xml version="1.0" encoding="UTF-8"?>
<!-- Generated by org.testng.reporters.JUnitXMLReporter -->
<testsuite hostname="Kripal-VAIO" ignored="0" name="Test" tests="5" failures="0" timestamp="06 Jun 2019 12:45:50 GMT" time="177.785" errors="0">
  <testcase name="getAllPropPriceReverseTest" time="1.766" classname="com.zoopla.qa.testcases.ForSalePageTest"/>
  <testcase name="VerifyagentNameTest" time="10.389" classname="com.zoopla.qa.testcases.AgentsPageTest"/>
  <testcase name="getAgentDetaillistTest" time="0.354" classname="com.zoopla.qa.testcases.PropertyDtlPageTest"/>
  <testcase name="verifyHomePageTitleTest" time="0.02" classname="com.zoopla.qa.testcases.HomePageTest"/>
  <testcase name="verifyForSalePageLocationTest" time="15.014" classname="com.zoopla.qa.testcases.HomePageTest"/>
</testsuite> <!-- Test -->
