<?xml version="1.0" encoding="UTF-8"?>
<!-- Generated by org.testng.reporters.JUnitXMLReporter -->
<testsuite hostname="Kripal-VAIO" ignored="0" name="Zoopla Test" tests="5" failures="0" timestamp="06 Jun 2019 13:34:11 GMT" time="208.251" errors="0">
  <testcase name="getAllPropPriceReverseTest" time="1.562" classname="com.zoopla.qa.testcases.ForSalePageTest"/>
  <testcase name="getAgentDetaillistTest" time="0.278" classname="com.zoopla.qa.testcases.PropertyDtlPageTest"/>
  <testcase name="VerifyagentNameTest" time="6.718" classname="com.zoopla.qa.testcases.AgentsPageTest"/>
  <testcase name="verifyHomePageTitleTest" time="0.029" classname="com.zoopla.qa.testcases.HomePageTest"/>
  <testcase name="verifyForSalePageLocationTest" time="15.984" classname="com.zoopla.qa.testcases.HomePageTest"/>
</testsuite> <!-- Zoopla Test -->
